Initialized word embeddings
Obtained embeddings
_________________________________________________________________
Layer (type)                 Output Shape              Param #   
=================================================================
merge_1 (Merge)              (None, 10, 600)           0         
_________________________________________________________________
lstm_2 (LSTM)                (None, 1000)              6404000   
_________________________________________________________________
dense_3 (Dense)              (None, 100)               100100    
_________________________________________________________________
dense_4 (Dense)              (None, 50)                5050      
_________________________________________________________________
dense_5 (Dense)              (None, 1)                 51        
=================================================================
Total params: 13,184,569
Trainable params: 13,184,569
Non-trainable params: 0
_________________________________________________________________
None
Built Model
Training now...
Epoch 1/20
14105/14105 [==============================] - 1441s 102ms/step - loss: 0.2184 - acc: 0.9310 - val_loss: 0.1882 - val_acc: 0.9419
Epoch 2/20
14105/14105 [==============================] - 1438s 102ms/step - loss: 0.1755 - acc: 0.9467 - val_loss: 0.1710 - val_acc: 0.9482
Epoch 3/20
14105/14105 [==============================] - 1438s 102ms/step - loss: 0.1631 - acc: 0.9505 - val_loss: 0.1636 - val_acc: 0.9504
Epoch 4/20
14105/14105 [==============================] - 1437s 102ms/step - loss: 0.1547 - acc: 0.9531 - val_loss: 0.1605 - val_acc: 0.9511
Epoch 5/20
14105/14105 [==============================] - 1438s 102ms/step - loss: 0.1498 - acc: 0.9547 - val_loss: 0.1549 - val_acc: 0.9539
Epoch 6/20
14105/14105 [==============================] - 1436s 102ms/step - loss: 0.1466 - acc: 0.9557 - val_loss: 0.1550 - val_acc: 0.9533
Epoch 7/20
14105/14105 [==============================] - 1436s 102ms/step - loss: 0.1440 - acc: 0.9565 - val_loss: 0.1525 - val_acc: 0.9547
Epoch 8/20
14105/14105 [==============================] - 1436s 102ms/step - loss: 0.1417 - acc: 0.9572 - val_loss: 0.1507 - val_acc: 0.9555
Epoch 9/20
14105/14105 [==============================] - 1435s 102ms/step - loss: 0.1399 - acc: 0.9579 - val_loss: 0.1507 - val_acc: 0.9555
Epoch 10/20
14105/14105 [==============================] - 1436s 102ms/step - loss: 0.1387 - acc: 0.9582 - val_loss: 0.1520 - val_acc: 0.9555
Epoch 11/20
14105/14105 [==============================] - 1438s 102ms/step - loss: 0.1378 - acc: 0.9583 - val_loss: 0.1501 - val_acc: 0.9557
Epoch 12/20
14105/14105 [==============================] - 1437s 102ms/step - loss: 0.1368 - acc: 0.9586 - val_loss: 0.1478 - val_acc: 0.9567
Epoch 13/20
14105/14105 [==============================] - 1436s 102ms/step - loss: 0.1367 - acc: 0.9586 - val_loss: 0.1506 - val_acc: 0.9553
Epoch 14/20
14105/14105 [==============================] - 1437s 102ms/step - loss: 0.1370 - acc: 0.9585 - val_loss: 0.1517 - val_acc: 0.9551
Epoch 15/20
14105/14105 [==============================] - 1437s 102ms/step - loss: 0.1360 - acc: 0.9590 - val_loss: 0.1521 - val_acc: 0.9552
Epoch 16/20
14105/14105 [==============================] - 1435s 102ms/step - loss: 0.1358 - acc: 0.9589 - val_loss: 0.1490 - val_acc: 0.9561
Epoch 17/20
14105/14105 [==============================] - 1436s 102ms/step - loss: 0.1364 - acc: 0.9587 - val_loss: 0.1500 - val_acc: 0.9557
Epoch 18/20
14105/14105 [==============================] - 1436s 102ms/step - loss: 0.1359 - acc: 0.9588 - val_loss: 0.1543 - val_acc: 0.9552
Epoch 19/20
14105/14105 [==============================] - 1435s 102ms/step - loss: 0.1358 - acc: 0.9589 - val_loss: 0.1542 - val_acc: 0.9544
Epoch 20/20
14105/14105 [==============================] - 1436s 102ms/step - loss: 0.1363 - acc: 0.9587 - val_loss: 0.1514 - val_acc: 0.9554

Metrics on first order train dataset
precision: [ 0.9534671   0.98037139]
recall: [ 0.99424028  0.85567199]
fscore: [ 0.97342692  0.91378706]
support: [1055607  354893]
[[1049527    6080]
 [  51221  303672]]
Accuracy = (1049527.0 + 303672.0) / (1049527.0 + 303672.0 + 6080.0 + 51221.0) = 0.9593753987947536

Metrics on first order val dataset
precision: [ 0.9495827   0.97592667]
recall: [ 0.99298987  0.84351368]
fscore: [ 0.97080131  0.90490188]
support: [263761  88864]
[[261912   1849]
 [ 13906  74958]]
Accuracy = (261912.0 + 74958.0) / (74958.0 + 261912.0 + 1849.0 + 13906.0) = 0.955320808224034

Metrics on first order test dataset
precision: [ 0.94509108  0.71661531]
recall: [ 0.89842234  0.83111115]
fscore: [ 0.921166    0.76962822]
support: [693558 214354]
[[623108  70450]
 [ 36202 178152]]
Accuracy = (623108.0 + 178152.0) / (623108.0 + 178152.0 + 70450.0 + 36202.0) = 0.8825304655076703

Metrics on qrpe train dataset
precision: [ 0.70698281  0.89866632]
recall: [ 0.93430719  0.6007167 ]
fscore: [ 0.80490239  0.72008801]
support: [35392 34324]
[[33067  2325]
 [13705 20619]]
Accuracy = (33067.0 + 20619.0) / (33067.0 + 20619.0 + 2325.0 + 13705.0) = 0.7700671294968157

Metrics on qrpe test dataset
precision: [ 0.63524626  0.70323154]
recall: [ 0.78205966  0.53489683]
fscore: [ 0.70104904  0.60762088]
support: [18372 17738]
[[14368  4004]
 [ 8250  9488]]
Accuracy = (14368.0 + 9488.0) / (14368.0 + 9488.0 + 4004.0 + 8250.0) = 0.6606480199390751