Built Model
Training now...
Train on 1410500 samples, validate on 352625 samples
Epoch 1/5
1410500/1410500 [==============================] - 1145s 812us/step - loss: 0.2075 - acc: 0.9337 - val_loss: 0.1830 - val_acc: 0.9434
Epoch 2/5
1410500/1410500 [==============================] - 1136s 805us/step - loss: 0.1672 - acc: 0.9483 - val_loss: 0.1640 - val_acc: 0.9498
Epoch 3/5
1410500/1410500 [==============================] - 1135s 805us/step - loss: 0.1562 - acc: 0.9520 - val_loss: 0.1578 - val_acc: 0.9518
Epoch 4/5
1410500/1410500 [==============================] - 1133s 803us/step - loss: 0.1509 - acc: 0.9536 - val_loss: 0.1550 - val_acc: 0.9531
Epoch 5/5
1410500/1410500 [==============================] - 1133s 803us/step - loss: 0.1467 - acc: 0.9552 - val_loss: 0.1522 - val_acc: 0.9539
Metrics on first order train dataset
precision: [ 0.94919257  0.98584709]
recall: [ 0.99593883  0.8414339 ]
fscore: [ 0.97200399  0.90793388]
support: [1055607  354893]
[[1051320    4287]
 [  56274  298619]]
Accuracy = (1051320.0 + 298619.0)/(1051320.0 + 298619.0 + 4287.0 + 56274.0) = 0.95706416164
Metrics on first order val dataset
precision: [ 0.94626095  0.98194419]
recall: [ 0.99484382  0.83230555]
fscore: [ 0.96994441  0.9009538 ]
support: [263761  88864]
[[262401   1360]
 [ 14902  73962]]
Accuracy = (262401.0 + 73962.0)/(262401.0 + 73962.0 + 1360.0 + 14902.0) = 0.9538830202
Metrics on first order test dataset
precision: [ 0.94307974  0.73738831]
recall: [ 0.90947981  0.82239193]
fscore: [ 0.92597508  0.77757389]
support: [693558 214354]
[[630777  62781]
 [ 38071 176283]]
Accuracy = (630777.0 + 176283.0)/(630777.0 + 176283.0 + 62781.0 + 38071.0) = 0.88891874983
Metrics on qrpe train dataset
precision: [ 0.68635704  0.89346551]
recall: [ 0.93532437  0.55928796]
fscore: [ 0.79172945  0.68794123]
support: [35392 34324]
[[33103  2289]
 [15127 19197]]
Accuracy = (33103.0 + 19197.0)/(33103.0 + 19197.0 + 2289.0 + 15127.0) = 0.75018647082
Metrics on qrpe test dataset
precision: [ 0.62878495  0.70905122]
recall: [ 0.79686479  0.51274101]
fscore: [ 0.70291682  0.59512514]
support: [18372 17738]
[[14640  3732]
 [ 8643  9095]]
Accuracy = (14640.0 + 9095.0)/(14640.0 + 9095.0 + 3732.0 + 8643.0) = 0.6572971476